<?xml version="1.0" encoding="UTF-8"?>
<testng-results ignored="0" total="1" passed="1" failed="0" skipped="0">
  <reporter-output>
  </reporter-output>
  <suite started-at="2024-12-03T11:54:38 IST" name="Default suite" finished-at="2024-12-03T11:55:07 IST" duration-ms="28409">
    <groups>
    </groups>
    <test started-at="2024-12-03T11:54:38 IST" name="Default test" finished-at="2024-12-03T11:55:07 IST" duration-ms="28409">
      <class name="functional_testing.CreateOrganizationWithIndustry">
        <test-method is-config="true" signature="preCondition()[pri:0, instance:functional_testing.CreateOrganizationWithIndustry@645aa696]" started-at="2024-12-03T11:54:39 IST" name="preCondition" finished-at="2024-12-03T11:54:45 IST" duration-ms="6154" status="PASS">
          <reporter-output>
          </reporter-output>
        </test-method> <!-- preCondition -->
        <test-method is-config="true" signature="login()[pri:0, instance:functional_testing.CreateOrganizationWithIndustry@645aa696]" started-at="2024-12-03T11:54:45 IST" name="login" finished-at="2024-12-03T11:54:48 IST" duration-ms="2841" status="PASS">
          <reporter-output>
          </reporter-output>
        </test-method> <!-- login -->
        <test-method signature="createOrganizationWithIndustry()[pri:0, instance:functional_testing.CreateOrganizationWithIndustry@645aa696]" started-at="2024-12-03T11:54:48 IST" name="createOrganizationWithIndustry" finished-at="2024-12-03T11:55:01 IST" duration-ms="13349" status="PASS">
          <reporter-output>
          </reporter-output>
        </test-method> <!-- createOrganizationWithIndustry -->
        <test-method is-config="true" signature="logout()[pri:0, instance:functional_testing.CreateOrganizationWithIndustry@645aa696]" started-at="2024-12-03T11:55:01 IST" name="logout" finished-at="2024-12-03T11:55:07 IST" duration-ms="5594" status="PASS">
          <reporter-output>
          </reporter-output>
        </test-method> <!-- logout -->
      </class> <!-- functional_testing.CreateOrganizationWithIndustry -->
    </test> <!-- Default test -->
  </suite> <!-- Default suite -->
</testng-results>
